<?xml version="1.0" encoding="UTF-8"?>
<!-- Generated by org.testng.reporters.JUnitReportReporter -->
<testsuite skipped="0" hostname="DESKTOP-APIDJLV" name="com.automation.Scripts.Demo" tests="1" failures="0" timestamp="2021-05-16T21:44:39 IST" time="2.221" errors="0">
  <testcase name="Demotest" time="2.221" classname="com.automation.Scripts.Demo"/>
  <system-out/>
</testsuite> <!-- com.automation.Scripts.Demo -->
