<?xml version="1.0" encoding="UTF-8"?>
<!-- Generated by org.testng.reporters.JUnitReportReporter -->
<testsuite skipped="0" hostname="DESKTOP-APIDJLV" name="com.automation.Scripts.Opencart_Registration" tests="1" failures="0" timestamp="2021-05-16T22:44:33 IST" time="5.097" errors="0">
  <testcase name="Registration" time="5.097" classname="com.automation.Scripts.Opencart_Registration"/>
  <system-out/>
</testsuite> <!-- com.automation.Scripts.Opencart_Registration -->
