<?xml version="1.0" encoding="UTF-8"?>
<!-- Generated by org.testng.reporters.JUnitReportReporter -->
<testsuite skipped="0" hostname="DESKTOP-APIDJLV" name="com.automation.Scripts.Opencart" tests="1" failures="0" timestamp="2021-05-16T23:36:13 IST" time="12.289" errors="0">
  <testcase name="Opencart_Registration" time="12.289" classname="com.automation.Scripts.Opencart"/>
  <system-out/>
</testsuite> <!-- com.automation.Scripts.Opencart -->
