<?xml version="1.0" encoding="UTF-8"?>
<!-- Generated by org.testng.reporters.JUnitReportReporter -->
<testsuite hostname="DESKTOP-APIDJLV" name="com.automation.Scripts.Opencart" tests="1" failures="0" timestamp="16 May 2021 18:11:39 GMT" time="9.031" errors="0">
  <testcase name="Opencart_Registration" time="9.031" classname="com.automation.Scripts.Opencart"/>
</testsuite> <!-- com.automation.Scripts.Opencart -->
