<?xml version="1.0" encoding="UTF-8"?>
<!-- Generated by org.testng.reporters.JUnitReportReporter -->
<testsuite hostname="DESKTOP-APIDJLV" name="com.automation.Scripts.Demo" tests="1" failures="0" timestamp="16 May 2021 16:18:06 GMT" time="2.362" errors="0">
  <testcase name="Demotest" time="2.362" classname="com.automation.Scripts.Demo"/>
</testsuite> <!-- com.automation.Scripts.Demo -->
